Base path: 'C:/Program Files/Unity/Hub/Editor/2020.2.3f1/Editor/Data', plugins path 'C:/Program Files/Unity/Hub/Editor/2020.2.3f1/Editor/Data/PlaybackEngines'
Cmd: initializeCompiler
Cmd: compileComputeKernel
  api=9 insize=22818 outsize=7418 ok=1
Cmd: compileComputeKernel
  api=4 insize=26846 outsize=10970 ok=1
Cmd: compileComputeKernel
  api=9 insize=26570 outsize=7637 ok=1
Cmd: compileComputeKernel
  api=4 insize=32755 outsize=3291 ok=1
Cmd: compileComputeKernel
  api=4 insize=32755 outsize=2213 ok=1
Cmd: compileComputeKernel
  api=9 insize=32755 outsize=7198 ok=1
Cmd: compileComputeKernel
  api=4 insize=31592 outsize=2218 ok=1
Cmd: compileComputeKernel
  api=4 insize=31610 outsize=1558 ok=1
Cmd: compileComputeKernel
  api=9 insize=31592 outsize=4527 ok=1
Cmd: compileComputeKernel
  api=4 insize=35969 outsize=1969 ok=1
Cmd: compileComputeKernel
  api=4 insize=35987 outsize=4420 ok=1
Cmd: compileComputeKernel
  api=4 insize=41220 outsize=35766 ok=1
Cmd: compileComputeKernel
  api=4 insize=42941 outsize=14580 ok=1
Cmd: compileComputeKernel
  api=9 insize=61798 outsize=32106 ok=1
Cmd: compileComputeKernel
  api=9 insize=45517 outsize=57982 ok=1
Cmd: compileComputeKernel
  api=4 insize=106940 outsize=1392 ok=1
Cmd: compileComputeKernel
  api=4 insize=106922 outsize=1520 ok=1
Cmd: compileComputeKernel
  api=4 insize=106922 outsize=1298 ok=1
Cmd: compileComputeKernel
  api=4 insize=106922 outsize=1134 ok=1
Cmd: compileComputeKernel
  api=4 insize=106922 outsize=772 ok=1
Cmd: compileComputeKernel
  api=4 insize=106922 outsize=629 ok=1
Cmd: compileComputeKernel
  api=4 insize=106922 outsize=847 ok=1
Cmd: compileComputeKernel
  api=4 insize=106922 outsize=986 ok=1
Cmd: compileComputeKernel
  api=4 insize=106922 outsize=769 ok=1
Cmd: compileComputeKernel
  api=4 insize=106922 outsize=805 ok=1
Cmd: compileComputeKernel
  api=4 insize=106922 outsize=854 ok=1
Cmd: compileComputeKernel
  api=4 insize=106922 outsize=695 ok=1
Cmd: compileComputeKernel
  api=4 insize=106922 outsize=769 ok=1
Cmd: compileComputeKernel
  api=9 insize=106922 outsize=2833 ok=1
Cmd: compileComputeKernel
  api=9 insize=106922 outsize=2613 ok=1
Cmd: compileComputeKernel
  api=9 insize=106922 outsize=2891 ok=1
Cmd: compileComputeKernel
  api=9 insize=106922 outsize=2785 ok=1
Cmd: compileComputeKernel
  api=9 insize=106940 outsize=3095 ok=1
Cmd: compileComputeKernel
  api=9 insize=106922 outsize=2854 ok=1
Cmd: compileComputeKernel
  api=9 insize=106922 outsize=2655 ok=1
Cmd: compileComputeKernel
  api=9 insize=106922 outsize=2944 ok=1
Cmd: compileComputeKernel
  api=9 insize=106922 outsize=2832 ok=1
Cmd: compileComputeKernel
  api=9 insize=106940 outsize=2952 ok=1
Cmd: compileComputeKernel
  api=9 insize=106922 outsize=2619 ok=1
Cmd: compileComputeKernel
  api=9 insize=106922 outsize=1461 ok=1
Cmd: compileComputeKernel
  api=9 insize=106922 outsize=1691 ok=1
Cmd: compileComputeKernel
  api=9 insize=106922 outsize=1829 ok=1
Cmd: compileComputeKernel
  api=9 insize=106922 outsize=1674 ok=1
Cmd: compileComputeKernel
  api=9 insize=106922 outsize=1698 ok=1
Cmd: compileComputeKernel
  api=9 insize=106922 outsize=1975 ok=1
Cmd: compileComputeKernel
  api=9 insize=106922 outsize=1659 ok=1
Cmd: compileComputeKernel
  api=9 insize=106922 outsize=1498 ok=1
Cmd: compileComputeKernel
  api=9 insize=106922 outsize=1457 ok=1
Cmd: compileComputeKernel
  api=4 insize=119883 outsize=1927 ok=1
Cmd: compileComputeKernel
  api=4 insize=119901 outsize=1750 ok=1
Cmd: compileComputeKernel
  api=4 insize=119901 outsize=2210 ok=1
Cmd: compileComputeKernel
  api=4 insize=119901 outsize=3309 ok=1
Cmd: compileComputeKernel
  api=4 insize=119883 outsize=3554 ok=1
Cmd: compileComputeKernel
  api=4 insize=119901 outsize=5217 ok=1
Cmd: compileComputeKernel
  api=4 insize=119883 outsize=5076 ok=1
Cmd: compileComputeKernel
  api=4 insize=119883 outsize=5039 ok=1
Cmd: compileComputeKernel
  api=4 insize=119901 outsize=4419 ok=1
Cmd: compileComputeKernel
  api=4 insize=119901 outsize=3472 ok=1
Cmd: compileComputeKernel
  api=4 insize=119883 outsize=3489 ok=1
Cmd: compileComputeKernel
  api=4 insize=119901 outsize=3684 ok=1
Cmd: compileComputeKernel
  api=4 insize=119883 outsize=3635 ok=1
Cmd: compileComputeKernel
  api=4 insize=119901 outsize=3480 ok=1
Cmd: compileComputeKernel
  api=4 insize=119883 outsize=3398 ok=1
Cmd: compileComputeKernel
  api=4 insize=119901 outsize=4086 ok=1
Cmd: compileComputeKernel
  api=4 insize=119883 outsize=1335 ok=1
Cmd: compileComputeKernel
  api=4 insize=119901 outsize=1489 ok=1
Cmd: compileComputeKernel
  api=4 insize=119883 outsize=2187 ok=1
Cmd: compileComputeKernel
  api=4 insize=119901 outsize=2850 ok=1
Cmd: compileComputeKernel
  api=9 insize=119901 outsize=4753 ok=1
Cmd: compileComputeKernel
  api=9 insize=119883 outsize=6922 ok=1
Cmd: compileComputeKernel
  api=9 insize=119883 outsize=6496 ok=1
Cmd: compileComputeKernel
  api=9 insize=119883 outsize=6510 ok=1
Cmd: compileComputeKernel
  api=9 insize=119901 outsize=10637 ok=1
Cmd: initializeCompiler
Cmd: compileComputeKernel
  api=4 insize=72306 outsize=2591 ok=1
Cmd: compileComputeKernel
  api=4 insize=72288 outsize=1590 ok=1
Cmd: compileComputeKernel
  api=4 insize=72306 outsize=1301 ok=1
Cmd: compileComputeKernel
  api=4 insize=72288 outsize=1997 ok=1
Cmd: compileComputeKernel
  api=4 insize=72288 outsize=1856 ok=1
Cmd: compileComputeKernel
  api=4 insize=72306 outsize=2259 ok=1
Cmd: compileComputeKernel
  api=4 insize=72306 outsize=1364 ok=1
Cmd: compileComputeKernel
  api=4 insize=72288 outsize=1311 ok=1
Cmd: compileComputeKernel
  api=4 insize=72288 outsize=1321 ok=1
Cmd: compileComputeKernel
  api=4 insize=72306 outsize=1310 ok=1
Cmd: compileComputeKernel
  api=4 insize=72288 outsize=1610 ok=1
Cmd: compileComputeKernel
  api=4 insize=72306 outsize=2029 ok=1
Cmd: compileComputeKernel
  api=4 insize=72288 outsize=1489 ok=1
Cmd: compileComputeKernel
  api=4 insize=72306 outsize=2795 ok=1
Cmd: shutdown

Quitting shader compiler process
