Base path: 'C:/Program Files/Unity/Hub/Editor/2020.2.3f1/Editor/Data', plugins path 'C:/Program Files/Unity/Hub/Editor/2020.2.3f1/Editor/Data/PlaybackEngines'
Cmd: initializeCompiler
Cmd: compileComputeKernel
  api=4 insize=22818 outsize=3836 ok=1
Cmd: compileComputeKernel
  api=4 insize=26891 outsize=11042 ok=1
Cmd: compileComputeKernel
  api=9 insize=26615 outsize=7668 ok=1
Cmd: compileComputeKernel
  api=4 insize=32773 outsize=5633 ok=1
Cmd: compileComputeKernel
  api=9 insize=32773 outsize=6854 ok=1
Cmd: compileComputeKernel
  api=9 insize=32773 outsize=6742 ok=1
Cmd: compileComputeKernel
  api=4 insize=31592 outsize=1364 ok=1
Cmd: compileComputeKernel
  api=9 insize=31610 outsize=4162 ok=1
Cmd: compileComputeKernel
  api=9 insize=31610 outsize=3724 ok=1
Cmd: compileComputeKernel
  api=9 insize=31592 outsize=3327 ok=1
Cmd: compileComputeKernel
  api=4 insize=61975 outsize=15720 ok=1
Cmd: compileComputeKernel
  api=4 insize=45470 outsize=27245 ok=1
Cmd: compileComputeKernel
  error: 1 plat 9 at Conv.compute(807): signed/unsigned mismatch, unsigned assumed
  api=9 insize=42757 outsize=19617 ok=1
Cmd: compileComputeKernel
  api=9 insize=42739 outsize=28170 ok=1
Cmd: compileComputeKernel
  api=9 insize=44504 outsize=11215 ok=1
Cmd: compileComputeKernel
  api=4 insize=106922 outsize=1361 ok=1
Cmd: compileComputeKernel
  api=4 insize=106922 outsize=1287 ok=1
Cmd: compileComputeKernel
  api=4 insize=106940 outsize=1287 ok=1
Cmd: compileComputeKernel
  api=4 insize=106922 outsize=1805 ok=1
Cmd: compileComputeKernel
  api=4 insize=106940 outsize=1397 ok=1
Cmd: compileComputeKernel
  api=4 insize=106922 outsize=1374 ok=1
Cmd: compileComputeKernel
  api=4 insize=106922 outsize=1596 ok=1
Cmd: compileComputeKernel
  api=4 insize=106922 outsize=1346 ok=1
Cmd: compileComputeKernel
  api=4 insize=106940 outsize=1311 ok=1
Cmd: compileComputeKernel
  api=4 insize=106940 outsize=1359 ok=1
Cmd: compileComputeKernel
  api=4 insize=106940 outsize=1363 ok=1
Cmd: compileComputeKernel
  api=4 insize=106922 outsize=1457 ok=1
Cmd: compileComputeKernel
  api=4 insize=106940 outsize=1796 ok=1
Cmd: compileComputeKernel
  api=4 insize=106922 outsize=1292 ok=1
Cmd: compileComputeKernel
  api=4 insize=106922 outsize=629 ok=1
Cmd: compileComputeKernel
  api=4 insize=106922 outsize=1313 ok=1
Cmd: compileComputeKernel
  api=4 insize=106922 outsize=847 ok=1
Cmd: compileComputeKernel
  api=4 insize=106922 outsize=716 ok=1
Cmd: compileComputeKernel
  api=4 insize=106922 outsize=796 ok=1
Cmd: compileComputeKernel
  api=4 insize=106922 outsize=777 ok=1
Cmd: compileComputeKernel
  api=4 insize=106922 outsize=1094 ok=1
Cmd: compileComputeKernel
  api=4 insize=106922 outsize=775 ok=1
Cmd: compileComputeKernel
  api=4 insize=106922 outsize=772 ok=1
Cmd: compileComputeKernel
  api=9 insize=106922 outsize=2842 ok=1
Cmd: compileComputeKernel
  api=9 insize=106922 outsize=2894 ok=1
Cmd: compileComputeKernel
  api=9 insize=106922 outsize=2778 ok=1
Cmd: compileComputeKernel
  api=9 insize=106922 outsize=3242 ok=1
Cmd: compileComputeKernel
  api=9 insize=106922 outsize=3095 ok=1
Cmd: compileComputeKernel
  api=9 insize=106922 outsize=2733 ok=1
Cmd: compileComputeKernel
  api=9 insize=106940 outsize=2654 ok=1
Cmd: compileComputeKernel
  api=9 insize=106922 outsize=2809 ok=1
Cmd: compileComputeKernel
  api=9 insize=106940 outsize=2742 ok=1
Cmd: compileComputeKernel
  api=9 insize=106922 outsize=2379 ok=1
Cmd: compileComputeKernel
  api=9 insize=106940 outsize=2657 ok=1
Cmd: compileComputeKernel
  api=9 insize=106922 outsize=1613 ok=1
Cmd: compileComputeKernel
  api=9 insize=106922 outsize=1542 ok=1
Cmd: compileComputeKernel
  api=9 insize=106922 outsize=2443 ok=1
Cmd: compileComputeKernel
  api=9 insize=106922 outsize=2322 ok=1
Cmd: compileComputeKernel
  api=9 insize=106922 outsize=1658 ok=1
Cmd: compileComputeKernel
  api=9 insize=106922 outsize=1700 ok=1
Cmd: compileComputeKernel
  api=9 insize=106922 outsize=1679 ok=1
Cmd: compileComputeKernel
  api=9 insize=106922 outsize=1875 ok=1
Cmd: compileComputeKernel
  api=9 insize=106922 outsize=1660 ok=1
Cmd: compileComputeKernel
  api=9 insize=106922 outsize=1461 ok=1
Cmd: compileComputeKernel
  api=4 insize=119901 outsize=923 ok=1
Cmd: compileComputeKernel
  api=4 insize=119901 outsize=1680 ok=1
Cmd: compileComputeKernel
  api=4 insize=119883 outsize=2210 ok=1
Cmd: compileComputeKernel
  api=4 insize=119883 outsize=3429 ok=1
Cmd: compileComputeKernel
  api=4 insize=119883 outsize=3554 ok=1
Cmd: compileComputeKernel
  api=4 insize=119883 outsize=5069 ok=1
Cmd: compileComputeKernel
  api=4 insize=119883 outsize=5194 ok=1
Cmd: compileComputeKernel
  api=4 insize=119901 outsize=5043 ok=1
Cmd: compileComputeKernel
  api=4 insize=119883 outsize=3576 ok=1
Cmd: compileComputeKernel
  api=4 insize=119883 outsize=3375 ok=1
Cmd: compileComputeKernel
  api=4 insize=119901 outsize=3716 ok=1
Cmd: compileComputeKernel
  api=4 insize=119901 outsize=3399 ok=1
Cmd: compileComputeKernel
  api=4 insize=119883 outsize=3409 ok=1
Cmd: compileComputeKernel
  api=4 insize=119901 outsize=3457 ok=1
Cmd: compileComputeKernel
  api=4 insize=119883 outsize=3375 ok=1
Cmd: compileComputeKernel
  api=4 insize=119901 outsize=1495 ok=1
Cmd: compileComputeKernel
  api=4 insize=119883 outsize=1689 ok=1
Cmd: compileComputeKernel
  api=4 insize=119901 outsize=1634 ok=1
Cmd: compileComputeKernel
  api=4 insize=119883 outsize=1579 ok=1
Cmd: compileComputeKernel
  api=4 insize=119883 outsize=10967 ok=1
Cmd: compileComputeKernel
  api=9 insize=119883 outsize=4153 ok=1
Cmd: compileComputeKernel
  api=9 insize=119883 outsize=6511 ok=1
Cmd: compileComputeKernel
  api=9 insize=119901 outsize=6368 ok=1
Cmd: initializeCompiler
Cmd: compileComputeKernel
  api=4 insize=72306 outsize=1427 ok=1
Cmd: compileComputeKernel
  api=4 insize=72305 outsize=3544 ok=1
Cmd: compileComputeKernel
  api=4 insize=72288 outsize=1326 ok=1
Cmd: compileComputeKernel
  api=4 insize=72306 outsize=1848 ok=1
Cmd: compileComputeKernel
  api=4 insize=72288 outsize=1819 ok=1
Cmd: compileComputeKernel
  api=4 insize=72306 outsize=1580 ok=1
Cmd: compileComputeKernel
  api=4 insize=72288 outsize=1311 ok=1
Cmd: compileComputeKernel
  api=4 insize=72306 outsize=1321 ok=1
Cmd: compileComputeKernel
  api=4 insize=72288 outsize=1369 ok=1
Cmd: compileComputeKernel
  api=4 insize=72306 outsize=1324 ok=1
Cmd: compileComputeKernel
  api=4 insize=72288 outsize=1431 ok=1
Cmd: compileComputeKernel
  api=4 insize=72288 outsize=1689 ok=1
Cmd: compileComputeKernel
  api=4 insize=72306 outsize=1634 ok=1
Cmd: compileComputeKernel
  api=4 insize=72288 outsize=2795 ok=1
Cmd: shutdown
