Using pre-set license
Built from '2020.2/staging' branch; Version is '2020.2.3f1 (8ff31bc5bf5b) revision 9433883'; Using compiler version '192528614'; Build Type 'Release'
OS: 'Windows 10 Home; OS build 19041.804; Version 2004; 64bit' Language: 'ja' Physical Memory: 15738 MB
BatchMode: 1, IsHumanControllingUs: 0, StartBugReporterOnCrash: 0, Is64bit: 1, IsPro: 0

 COMMAND LINE ARGUMENTS:
C:\Program Files\Unity\Hub\Editor\2020.2.3f1\Editor\Unity.exe
-adb2
-batchMode
-noUpm
-name
AssetImportWorker0
-projectPath
D:/01.windows_work/01.github/Unity-Barracuda-TinyYoloV2-WebGL-Sample/Unity-Barracuda-TinyYoloV2-WebGL-Sample
-logFile
Logs/AssetImportWorker0.log
-srvPort
61525
Successfully changed project path to: D:/01.windows_work/01.github/Unity-Barracuda-TinyYoloV2-WebGL-Sample/Unity-Barracuda-TinyYoloV2-WebGL-Sample
D:/01.windows_work/01.github/Unity-Barracuda-TinyYoloV2-WebGL-Sample/Unity-Barracuda-TinyYoloV2-WebGL-Sample
Using Asset Import Pipeline V2.
Refreshing native plugins compatible for Editor in 14.12 ms, found 0 plugins.
Preloading 0 native plugins for Editor in 0.00 ms.
Initialize engine version: 2020.2.3f1 (8ff31bc5bf5b)
[Subsystems] Discovering subsystems at path C:/Program Files/Unity/Hub/Editor/2020.2.3f1/Editor/Data/Resources/UnitySubsystems
[Subsystems] Discovering subsystems at path D:/01.windows_work/01.github/Unity-Barracuda-TinyYoloV2-WebGL-Sample/Unity-Barracuda-TinyYoloV2-WebGL-Sample/Assets
GfxDevice: creating device client; threaded=0
Direct3D:
    Version:  Direct3D 11.0 [level 11.1]
    Renderer: NVIDIA GeForce GTX 1050 Ti with Max-Q Design (ID=0x1c8c)
    Vendor:   
    VRAM:     4018 MB
    Driver:   27.21.14.5266
Initialize mono
Mono path[0] = 'C:/Program Files/Unity/Hub/Editor/2020.2.3f1/Editor/Data/Managed'
Mono path[1] = 'C:/Program Files/Unity/Hub/Editor/2020.2.3f1/Editor/Data/MonoBleedingEdge/lib/mono/unityjit'
Mono config path = 'C:/Program Files/Unity/Hub/Editor/2020.2.3f1/Editor/Data/MonoBleedingEdge/etc'
Using monoOptions --debugger-agent=transport=dt_socket,embedding=1,server=y,suspend=n,address=127.0.0.1:56848
Begin MonoManager ReloadAssembly
Registering precompiled unity dll's ...
Register platform support module: C:/Program Files/Unity/Hub/Editor/2020.2.3f1/Editor/Data/PlaybackEngines/WebGLSupport/UnityEditor.WebGL.Extensions.dll
Register platform support module: C:/Program Files/Unity/Hub/Editor/2020.2.3f1/Editor/Data/PlaybackEngines/WindowsStandaloneSupport/UnityEditor.WindowsStandalone.Extensions.dll
Register platform support module: C:/Program Files/Unity/Hub/Editor/2020.2.3f1/Editor/Data/PlaybackEngines/LinuxStandaloneSupport/UnityEditor.LinuxStandalone.Extensions.dll
Registered in 0.003816 seconds.
Native extension for LinuxStandalone target not found
Native extension for WindowsStandalone target not found
Native extension for WebGL target not found
Refreshing native plugins compatible for Editor in 12.51 ms, found 0 plugins.
Preloading 0 native plugins for Editor in 0.00 ms.
Invoked RoslynAnalysisRunner static constructor.
RoslynAnalysisRunner will not be running.
RoslynAnalysisRunner has terminated.
Mono: successfully reloaded assembly
- Completed reload, in  3.271 seconds
Platform modules already initialized, skipping
Registering precompiled user dll's ...
Registered in 0.001919 seconds.
Begin MonoManager ReloadAssembly
Native extension for LinuxStandalone target not found
Native extension for WindowsStandalone target not found
Native extension for WebGL target not found
Refreshing native plugins compatible for Editor in 5.65 ms, found 0 plugins.
Preloading 0 native plugins for Editor in 0.00 ms.
Invoked RoslynAnalysisRunner static constructor.
RoslynAnalysisRunner will not be running.
RoslynAnalysisRunner has terminated.
Mono: successfully reloaded assembly
- Completed reload, in  1.380 seconds
Platform modules already initialized, skipping
========================================================================
Worker process is ready to serve import requests
Launched and connected shader compiler UnityShaderCompiler.exe after 0.06 seconds
Refreshing native plugins compatible for Editor in 0.12 ms, found 0 plugins.
Preloading 0 native plugins for Editor in 0.00 ms.
Unloading 598 Unused Serialized files (Serialized files now loaded: 0)
System memory in use before: 50.5 MB.
System memory in use after: 50.5 MB.

Unloading 6 unused Assets to reduce memory usage. Loaded Objects now: 1032.
Total: 2.054900 ms (FindLiveObjects: 0.235100 ms CreateObjectMapping: 0.077900 ms MarkObjects: 1.683300 ms  DeleteObjects: 0.056300 ms)

========================================================================
Received Import Request.
  path: Assets/YOLOv2 Tiny.onnx
  artifactKey: Guid(62dc203317b47c94598401100eb715af) Importer(815301076,1909f56bfc062723c751e8b465ee728b)
Start importing Assets/YOLOv2 Tiny.onnx using Guid(62dc203317b47c94598401100eb715af) Importer(815301076,1909f56bfc062723c751e8b465ee728b)  -> (artifact id: '77fe2945df5681d599367c8ba2c09970') in 0.298595 seconds
  Import took 0.301650 seconds .

========================================================================
Received Prepare
Registering precompiled user dll's ...
Registered in 0.015323 seconds.
Begin MonoManager ReloadAssembly
Native extension for LinuxStandalone target not found
Native extension for WindowsStandalone target not found
Native extension for WebGL target not found
Refreshing native plugins compatible for Editor in 0.45 ms, found 0 plugins.
Preloading 0 native plugins for Editor in 0.00 ms.
Invoked RoslynAnalysisRunner static constructor.
RoslynAnalysisRunner will not be running.
RoslynAnalysisRunner has terminated.
Mono: successfully reloaded assembly
- Completed reload, in  3.665 seconds
Platform modules already initialized, skipping
Refreshing native plugins compatible for Editor in 0.49 ms, found 0 plugins.
Preloading 0 native plugins for Editor in 0.00 ms.
Unloading 593 Unused Serialized files (Serialized files now loaded: 0)
System memory in use before: 50.3 MB.
System memory in use after: 50.3 MB.

Unloading 4 unused Assets to reduce memory usage. Loaded Objects now: 1032.
Total: 6.323300 ms (FindLiveObjects: 0.279900 ms CreateObjectMapping: 0.321300 ms MarkObjects: 5.691100 ms  DeleteObjects: 0.028000 ms)

========================================================================
Received Prepare
Registering precompiled user dll's ...
Registered in 0.001600 seconds.
Begin MonoManager ReloadAssembly
Native extension for LinuxStandalone target not found
Native extension for WindowsStandalone target not found
Native extension for WebGL target not found
Refreshing native plugins compatible for Editor in 16.56 ms, found 0 plugins.
Preloading 0 native plugins for Editor in 0.00 ms.
Invoked RoslynAnalysisRunner static constructor.
RoslynAnalysisRunner will not be running.
RoslynAnalysisRunner has terminated.
Mono: successfully reloaded assembly
- Completed reload, in  1.656 seconds
Platform modules already initialized, skipping
Refreshing native plugins compatible for Editor in 0.15 ms, found 0 plugins.
Preloading 0 native plugins for Editor in 0.00 ms.
Unloading 566 Unused Serialized files (Serialized files now loaded: 0)
System memory in use before: 49.5 MB.
System memory in use after: 49.5 MB.

Unloading 31 unused Assets to reduce memory usage. Loaded Objects now: 1005.
Total: 1.386500 ms (FindLiveObjects: 0.078700 ms CreateObjectMapping: 0.017000 ms MarkObjects: 1.269200 ms  DeleteObjects: 0.020600 ms)

========================================================================
Received Import Request.
  Time since last request: 117.241906 seconds.
  path: Assets/YOLOv2 Tiny.onnx
  artifactKey: Guid(62dc203317b47c94598401100eb715af) Importer(815301076,1909f56bfc062723c751e8b465ee728b)
Start importing Assets/YOLOv2 Tiny.onnx using Guid(62dc203317b47c94598401100eb715af) Importer(815301076,1909f56bfc062723c751e8b465ee728b) NullReferenceException
  at (wrapper managed-to-native) UnityEditor.EditorUtility.CopySerialized(UnityEngine.Object,UnityEngine.Object)
  at Unity.Barracuda.NNModelEditor.RenderStaticPreview (System.String assetPath, UnityEngine.Object[] subAssets, System.Int32 width, System.Int32 height) [0x00009] in D:\01.windows_work\01.github\Unity-Barracuda-TinyYoloV2-WebGL-Sample\Unity-Barracuda-TinyYoloV2-WebGL-Sample\Library\PackageCache\com.unity.barracuda@1.0.4\Barracuda\Editor\ONNXModelImporterEditor.cs:85 
  at UnityEditor.AssetPreviewUpdater.CreatePreviewForAsset (UnityEngine.Object obj, UnityEngine.Object[] subAssets, System.String assetPath) [0x0008a] in <a936841cea2147a2a55ea27843fa46ae>:0 

(Filename: Library/PackageCache/com.unity.barracuda@1.0.4/Barracuda/Editor/ONNXModelImporterEditor.cs Line: 85)

 -> (artifact id: '03db84f8940c81b0a1997aa75e14f7db') in 0.127176 seconds
  Import took 0.128177 seconds .

========================================================================
Received Prepare
Registering precompiled user dll's ...
Registered in 0.002403 seconds.
Begin MonoManager ReloadAssembly
Native extension for LinuxStandalone target not found
Native extension for WindowsStandalone target not found
Native extension for WebGL target not found
Refreshing native plugins compatible for Editor in 0.12 ms, found 0 plugins.
Preloading 0 native plugins for Editor in 0.00 ms.
Invoked RoslynAnalysisRunner static constructor.
RoslynAnalysisRunner will not be running.
RoslynAnalysisRunner has terminated.
Mono: successfully reloaded assembly
- Completed reload, in  0.788 seconds
Platform modules already initialized, skipping
Refreshing native plugins compatible for Editor in 0.12 ms, found 0 plugins.
Preloading 0 native plugins for Editor in 0.00 ms.
Unloading 566 Unused Serialized files (Serialized files now loaded: 0)
System memory in use before: 49.3 MB.
System memory in use after: 49.3 MB.

Unloading 4 unused Assets to reduce memory usage. Loaded Objects now: 1007.
Total: 2.651000 ms (FindLiveObjects: 0.102300 ms CreateObjectMapping: 0.016900 ms MarkObjects: 2.509600 ms  DeleteObjects: 0.020900 ms)

========================================================================
Received Prepare
Registering precompiled user dll's ...
Registered in 0.001784 seconds.
Begin MonoManager ReloadAssembly
Native extension for LinuxStandalone target not found
Native extension for WindowsStandalone target not found
Native extension for WebGL target not found
Refreshing native plugins compatible for Editor in 0.13 ms, found 0 plugins.
Preloading 0 native plugins for Editor in 0.00 ms.
Invoked RoslynAnalysisRunner static constructor.
RoslynAnalysisRunner will not be running.
RoslynAnalysisRunner has terminated.
Mono: successfully reloaded assembly
- Completed reload, in  0.793 seconds
Platform modules already initialized, skipping
Refreshing native plugins compatible for Editor in 0.12 ms, found 0 plugins.
Preloading 0 native plugins for Editor in 0.00 ms.
Unloading 566 Unused Serialized files (Serialized files now loaded: 0)
System memory in use before: 49.3 MB.
System memory in use after: 49.4 MB.

Unloading 4 unused Assets to reduce memory usage. Loaded Objects now: 1007.
Total: 1.974100 ms (FindLiveObjects: 0.081500 ms CreateObjectMapping: 0.018200 ms MarkObjects: 1.861400 ms  DeleteObjects: 0.011900 ms)

========================================================================
Received Prepare
Registering precompiled user dll's ...
Registered in 0.001304 seconds.
Begin MonoManager ReloadAssembly
Native extension for LinuxStandalone target not found
Native extension for WindowsStandalone target not found
Native extension for WebGL target not found
Refreshing native plugins compatible for Editor in 0.12 ms, found 0 plugins.
Preloading 0 native plugins for Editor in 0.00 ms.
Invoked RoslynAnalysisRunner static constructor.
RoslynAnalysisRunner will not be running.
RoslynAnalysisRunner has terminated.
Mono: successfully reloaded assembly
- Completed reload, in  0.780 seconds
Platform modules already initialized, skipping
Refreshing native plugins compatible for Editor in 0.12 ms, found 0 plugins.
Preloading 0 native plugins for Editor in 0.00 ms.
Unloading 566 Unused Serialized files (Serialized files now loaded: 0)
System memory in use before: 49.3 MB.
System memory in use after: 49.3 MB.

Unloading 4 unused Assets to reduce memory usage. Loaded Objects now: 1007.
Total: 1.874300 ms (FindLiveObjects: 0.085000 ms CreateObjectMapping: 0.015600 ms MarkObjects: 1.757900 ms  DeleteObjects: 0.014700 ms)

========================================================================
Received Prepare
Registering precompiled user dll's ...
Registered in 0.001802 seconds.
Begin MonoManager ReloadAssembly
Native extension for LinuxStandalone target not found
Native extension for WindowsStandalone target not found
Native extension for WebGL target not found
Refreshing native plugins compatible for Editor in 0.12 ms, found 0 plugins.
Preloading 0 native plugins for Editor in 0.00 ms.
Invoked RoslynAnalysisRunner static constructor.
RoslynAnalysisRunner will not be running.
RoslynAnalysisRunner has terminated.
Mono: successfully reloaded assembly
- Completed reload, in  0.801 seconds
Platform modules already initialized, skipping
Refreshing native plugins compatible for Editor in 0.12 ms, found 0 plugins.
Preloading 0 native plugins for Editor in 0.00 ms.
Unloading 566 Unused Serialized files (Serialized files now loaded: 0)
System memory in use before: 49.3 MB.
System memory in use after: 49.4 MB.

Unloading 4 unused Assets to reduce memory usage. Loaded Objects now: 1007.
Total: 1.546900 ms (FindLiveObjects: 0.140200 ms CreateObjectMapping: 0.035200 ms MarkObjects: 1.355800 ms  DeleteObjects: 0.014300 ms)

========================================================================
Received Prepare
Refreshing native plugins compatible for Editor in 1.24 ms, found 0 plugins.
Preloading 0 native plugins for Editor in 0.00 ms.
Unloading 4 Unused Serialized files (Serialized files now loaded: 0)
System memory in use before: 37.9 MB.
System memory in use after: 37.9 MB.

Unloading 4 unused Assets to reduce memory usage. Loaded Objects now: 1007.
Total: 3.703900 ms (FindLiveObjects: 0.174900 ms CreateObjectMapping: 0.046500 ms MarkObjects: 3.456600 ms  DeleteObjects: 0.023900 ms)

========================================================================
Received Prepare
Registering precompiled user dll's ...
Registered in 0.001558 seconds.
Begin MonoManager ReloadAssembly
Native extension for LinuxStandalone target not found
Native extension for WindowsStandalone target not found
Native extension for WebGL target not found
Refreshing native plugins compatible for Editor in 0.12 ms, found 0 plugins.
Preloading 0 native plugins for Editor in 0.00 ms.
Invoked RoslynAnalysisRunner static constructor.
RoslynAnalysisRunner will not be running.
RoslynAnalysisRunner has terminated.
Mono: successfully reloaded assembly
- Completed reload, in  0.779 seconds
Platform modules already initialized, skipping
Refreshing native plugins compatible for Editor in 0.12 ms, found 0 plugins.
Preloading 0 native plugins for Editor in 0.00 ms.
Unloading 566 Unused Serialized files (Serialized files now loaded: 0)
System memory in use before: 49.3 MB.
System memory in use after: 49.4 MB.

Unloading 4 unused Assets to reduce memory usage. Loaded Objects now: 1007.
Total: 2.115400 ms (FindLiveObjects: 0.093500 ms CreateObjectMapping: 0.019000 ms MarkObjects: 1.981700 ms  DeleteObjects: 0.019900 ms)

========================================================================
Received Prepare
Registering precompiled user dll's ...
Registered in 0.002370 seconds.
Begin MonoManager ReloadAssembly
Native extension for LinuxStandalone target not found
Native extension for WindowsStandalone target not found
Native extension for WebGL target not found
Refreshing native plugins compatible for Editor in 0.12 ms, found 0 plugins.
Preloading 0 native plugins for Editor in 0.00 ms.
Invoked RoslynAnalysisRunner static constructor.
RoslynAnalysisRunner will not be running.
RoslynAnalysisRunner has terminated.
Mono: successfully reloaded assembly
- Completed reload, in  0.778 seconds
Platform modules already initialized, skipping
Refreshing native plugins compatible for Editor in 0.12 ms, found 0 plugins.
Preloading 0 native plugins for Editor in 0.00 ms.
Unloading 566 Unused Serialized files (Serialized files now loaded: 0)
System memory in use before: 49.3 MB.
System memory in use after: 49.4 MB.

Unloading 4 unused Assets to reduce memory usage. Loaded Objects now: 1007.
Total: 2.068000 ms (FindLiveObjects: 0.087100 ms CreateObjectMapping: 0.017200 ms MarkObjects: 1.949000 ms  DeleteObjects: 0.013800 ms)

========================================================================
Received Prepare
Registering precompiled user dll's ...
Registered in 0.001260 seconds.
Begin MonoManager ReloadAssembly
Native extension for LinuxStandalone target not found
Native extension for WindowsStandalone target not found
Native extension for WebGL target not found
Refreshing native plugins compatible for Editor in 0.13 ms, found 0 plugins.
Preloading 0 native plugins for Editor in 0.00 ms.
Invoked RoslynAnalysisRunner static constructor.
RoslynAnalysisRunner will not be running.
RoslynAnalysisRunner has terminated.
Mono: successfully reloaded assembly
- Completed reload, in  0.777 seconds
Platform modules already initialized, skipping
Refreshing native plugins compatible for Editor in 0.12 ms, found 0 plugins.
Preloading 0 native plugins for Editor in 0.00 ms.
Unloading 566 Unused Serialized files (Serialized files now loaded: 0)
System memory in use before: 49.3 MB.
System memory in use after: 49.4 MB.

Unloading 4 unused Assets to reduce memory usage. Loaded Objects now: 1007.
Total: 2.417600 ms (FindLiveObjects: 0.092000 ms CreateObjectMapping: 0.021800 ms MarkObjects: 2.286900 ms  DeleteObjects: 0.015800 ms)

========================================================================
Received Prepare
Registering precompiled user dll's ...
Registered in 0.001753 seconds.
Begin MonoManager ReloadAssembly
Native extension for LinuxStandalone target not found
Native extension for WindowsStandalone target not found
Native extension for WebGL target not found
Refreshing native plugins compatible for Editor in 0.16 ms, found 0 plugins.
Preloading 0 native plugins for Editor in 0.00 ms.
Invoked RoslynAnalysisRunner static constructor.
RoslynAnalysisRunner will not be running.
RoslynAnalysisRunner has terminated.
Mono: successfully reloaded assembly
- Completed reload, in  0.791 seconds
Platform modules already initialized, skipping
Refreshing native plugins compatible for Editor in 0.12 ms, found 0 plugins.
Preloading 0 native plugins for Editor in 0.00 ms.
Unloading 566 Unused Serialized files (Serialized files now loaded: 0)
System memory in use before: 49.3 MB.
System memory in use after: 49.4 MB.

Unloading 4 unused Assets to reduce memory usage. Loaded Objects now: 1007.
Total: 1.675500 ms (FindLiveObjects: 0.127600 ms CreateObjectMapping: 0.031400 ms MarkObjects: 1.502000 ms  DeleteObjects: 0.013600 ms)

========================================================================
Received Prepare
Registering precompiled user dll's ...
Registered in 0.001586 seconds.
Begin MonoManager ReloadAssembly
Native extension for LinuxStandalone target not found
Native extension for WindowsStandalone target not found
Native extension for WebGL target not found
Refreshing native plugins compatible for Editor in 0.12 ms, found 0 plugins.
Preloading 0 native plugins for Editor in 0.00 ms.
Invoked RoslynAnalysisRunner static constructor.
RoslynAnalysisRunner will not be running.
RoslynAnalysisRunner has terminated.
Mono: successfully reloaded assembly
- Completed reload, in  0.801 seconds
Platform modules already initialized, skipping
Refreshing native plugins compatible for Editor in 0.12 ms, found 0 plugins.
Preloading 0 native plugins for Editor in 0.00 ms.
Unloading 566 Unused Serialized files (Serialized files now loaded: 0)
System memory in use before: 49.3 MB.
System memory in use after: 49.4 MB.

Unloading 4 unused Assets to reduce memory usage. Loaded Objects now: 1007.
Total: 2.049300 ms (FindLiveObjects: 0.085200 ms CreateObjectMapping: 0.017900 ms MarkObjects: 1.913400 ms  DeleteObjects: 0.015100 ms)

========================================================================
Received Prepare
Registering precompiled user dll's ...
Registered in 0.001436 seconds.
Begin MonoManager ReloadAssembly
Native extension for LinuxStandalone target not found
Native extension for WindowsStandalone target not found
Native extension for WebGL target not found
Refreshing native plugins compatible for Editor in 0.14 ms, found 0 plugins.
Preloading 0 native plugins for Editor in 0.00 ms.
Invoked RoslynAnalysisRunner static constructor.
RoslynAnalysisRunner will not be running.
RoslynAnalysisRunner has terminated.
Mono: successfully reloaded assembly
- Completed reload, in  0.774 seconds
Platform modules already initialized, skipping
Refreshing native plugins compatible for Editor in 0.12 ms, found 0 plugins.
Preloading 0 native plugins for Editor in 0.00 ms.
Unloading 566 Unused Serialized files (Serialized files now loaded: 0)
System memory in use before: 49.3 MB.
System memory in use after: 49.4 MB.

Unloading 4 unused Assets to reduce memory usage. Loaded Objects now: 1007.
Total: 1.890500 ms (FindLiveObjects: 0.087700 ms CreateObjectMapping: 0.019000 ms MarkObjects: 1.768900 ms  DeleteObjects: 0.013700 ms)

========================================================================
Received Prepare
Registering precompiled user dll's ...
Registered in 0.001651 seconds.
Begin MonoManager ReloadAssembly
Native extension for LinuxStandalone target not found
Native extension for WindowsStandalone target not found
Native extension for WebGL target not found
Refreshing native plugins compatible for Editor in 0.12 ms, found 0 plugins.
Preloading 0 native plugins for Editor in 0.00 ms.
Invoked RoslynAnalysisRunner static constructor.
RoslynAnalysisRunner will not be running.
RoslynAnalysisRunner has terminated.
Mono: successfully reloaded assembly
- Completed reload, in  0.786 seconds
Platform modules already initialized, skipping
Refreshing native plugins compatible for Editor in 0.12 ms, found 0 plugins.
Preloading 0 native plugins for Editor in 0.00 ms.
Unloading 566 Unused Serialized files (Serialized files now loaded: 0)
System memory in use before: 49.3 MB.
System memory in use after: 49.4 MB.

Unloading 4 unused Assets to reduce memory usage. Loaded Objects now: 1007.
Total: 1.980700 ms (FindLiveObjects: 0.179000 ms CreateObjectMapping: 0.018600 ms MarkObjects: 1.766300 ms  DeleteObjects: 0.015400 ms)

========================================================================
Received Prepare
Registering precompiled user dll's ...
Registered in 0.001896 seconds.
Begin MonoManager ReloadAssembly
Native extension for LinuxStandalone target not found
Native extension for WindowsStandalone target not found
Native extension for WebGL target not found
Refreshing native plugins compatible for Editor in 0.13 ms, found 0 plugins.
Preloading 0 native plugins for Editor in 0.00 ms.
Invoked RoslynAnalysisRunner static constructor.
RoslynAnalysisRunner will not be running.
RoslynAnalysisRunner has terminated.
Mono: successfully reloaded assembly
- Completed reload, in  0.774 seconds
Platform modules already initialized, skipping
Refreshing native plugins compatible for Editor in 0.12 ms, found 0 plugins.
Preloading 0 native plugins for Editor in 0.00 ms.
Unloading 566 Unused Serialized files (Serialized files now loaded: 0)
System memory in use before: 49.3 MB.
System memory in use after: 49.4 MB.

Unloading 4 unused Assets to reduce memory usage. Loaded Objects now: 1007.
Total: 2.097200 ms (FindLiveObjects: 0.171000 ms CreateObjectMapping: 0.035500 ms MarkObjects: 1.876500 ms  DeleteObjects: 0.012900 ms)

========================================================================
Received Prepare
Registering precompiled user dll's ...
Registered in 0.001680 seconds.
Begin MonoManager ReloadAssembly
Native extension for LinuxStandalone target not found
Native extension for WindowsStandalone target not found
Native extension for WebGL target not found
Refreshing native plugins compatible for Editor in 0.12 ms, found 0 plugins.
Preloading 0 native plugins for Editor in 0.00 ms.
Invoked RoslynAnalysisRunner static constructor.
RoslynAnalysisRunner will not be running.
RoslynAnalysisRunner has terminated.
Mono: successfully reloaded assembly
- Completed reload, in  0.794 seconds
Platform modules already initialized, skipping
Refreshing native plugins compatible for Editor in 0.12 ms, found 0 plugins.
Preloading 0 native plugins for Editor in 0.00 ms.
Unloading 566 Unused Serialized files (Serialized files now loaded: 0)
System memory in use before: 49.3 MB.
System memory in use after: 49.4 MB.

Unloading 4 unused Assets to reduce memory usage. Loaded Objects now: 1007.
Total: 2.439600 ms (FindLiveObjects: 0.074900 ms CreateObjectMapping: 0.016000 ms MarkObjects: 2.333900 ms  DeleteObjects: 0.013900 ms)

========================================================================
Received Prepare
Registering precompiled user dll's ...
Registered in 0.001790 seconds.
Begin MonoManager ReloadAssembly
Native extension for LinuxStandalone target not found
Native extension for WindowsStandalone target not found
Native extension for WebGL target not found
Refreshing native plugins compatible for Editor in 0.12 ms, found 0 plugins.
Preloading 0 native plugins for Editor in 0.00 ms.
Invoked RoslynAnalysisRunner static constructor.
RoslynAnalysisRunner will not be running.
RoslynAnalysisRunner has terminated.
Mono: successfully reloaded assembly
- Completed reload, in  0.771 seconds
Platform modules already initialized, skipping
Refreshing native plugins compatible for Editor in 0.12 ms, found 0 plugins.
Preloading 0 native plugins for Editor in 0.00 ms.
Unloading 566 Unused Serialized files (Serialized files now loaded: 0)
System memory in use before: 49.3 MB.
System memory in use after: 49.4 MB.

Unloading 4 unused Assets to reduce memory usage. Loaded Objects now: 1007.
Total: 2.203200 ms (FindLiveObjects: 0.113900 ms CreateObjectMapping: 0.023800 ms MarkObjects: 2.050300 ms  DeleteObjects: 0.014100 ms)

========================================================================
Received Prepare
Registering precompiled user dll's ...
Registered in 0.001387 seconds.
Begin MonoManager ReloadAssembly
Native extension for LinuxStandalone target not found
Native extension for WindowsStandalone target not found
Native extension for WebGL target not found
Refreshing native plugins compatible for Editor in 0.12 ms, found 0 plugins.
Preloading 0 native plugins for Editor in 0.00 ms.
Invoked RoslynAnalysisRunner static constructor.
RoslynAnalysisRunner will not be running.
RoslynAnalysisRunner has terminated.
Mono: successfully reloaded assembly
- Completed reload, in  0.791 seconds
Platform modules already initialized, skipping
Refreshing native plugins compatible for Editor in 0.12 ms, found 0 plugins.
Preloading 0 native plugins for Editor in 0.00 ms.
Unloading 566 Unused Serialized files (Serialized files now loaded: 0)
System memory in use before: 49.4 MB.
System memory in use after: 49.4 MB.

Unloading 4 unused Assets to reduce memory usage. Loaded Objects now: 1007.
Total: 2.081200 ms (FindLiveObjects: 0.162100 ms CreateObjectMapping: 0.019500 ms MarkObjects: 1.880600 ms  DeleteObjects: 0.017600 ms)

========================================================================
Received Prepare
Registering precompiled user dll's ...
Registered in 0.001497 seconds.
Begin MonoManager ReloadAssembly
Native extension for LinuxStandalone target not found
Native extension for WindowsStandalone target not found
Native extension for WebGL target not found
Refreshing native plugins compatible for Editor in 0.13 ms, found 0 plugins.
Preloading 0 native plugins for Editor in 0.00 ms.
Invoked RoslynAnalysisRunner static constructor.
RoslynAnalysisRunner will not be running.
RoslynAnalysisRunner has terminated.
Mono: successfully reloaded assembly
- Completed reload, in  0.773 seconds
Platform modules already initialized, skipping
Refreshing native plugins compatible for Editor in 0.12 ms, found 0 plugins.
Preloading 0 native plugins for Editor in 0.00 ms.
Unloading 566 Unused Serialized files (Serialized files now loaded: 0)
System memory in use before: 49.3 MB.
System memory in use after: 49.4 MB.

Unloading 4 unused Assets to reduce memory usage. Loaded Objects now: 1007.
Total: 4.173700 ms (FindLiveObjects: 0.189600 ms CreateObjectMapping: 0.044100 ms MarkObjects: 3.903700 ms  DeleteObjects: 0.033600 ms)

========================================================================
Received Prepare
Registering precompiled user dll's ...
Registered in 0.002167 seconds.
Begin MonoManager ReloadAssembly
Native extension for LinuxStandalone target not found
Native extension for WindowsStandalone target not found
Native extension for WebGL target not found
Refreshing native plugins compatible for Editor in 0.12 ms, found 0 plugins.
Preloading 0 native plugins for Editor in 0.00 ms.
Invoked RoslynAnalysisRunner static constructor.
RoslynAnalysisRunner will not be running.
RoslynAnalysisRunner has terminated.
Mono: successfully reloaded assembly
- Completed reload, in  0.762 seconds
Platform modules already initialized, skipping
Refreshing native plugins compatible for Editor in 0.13 ms, found 0 plugins.
Preloading 0 native plugins for Editor in 0.00 ms.
Unloading 566 Unused Serialized files (Serialized files now loaded: 0)
System memory in use before: 49.4 MB.
System memory in use after: 49.4 MB.

Unloading 4 unused Assets to reduce memory usage. Loaded Objects now: 1007.
Total: 1.901700 ms (FindLiveObjects: 0.102400 ms CreateObjectMapping: 0.021800 ms MarkObjects: 1.761800 ms  DeleteObjects: 0.014700 ms)

========================================================================
Received Prepare
Registering precompiled user dll's ...
Registered in 0.001790 seconds.
Begin MonoManager ReloadAssembly
Native extension for LinuxStandalone target not found
Native extension for WindowsStandalone target not found
Native extension for WebGL target not found
Refreshing native plugins compatible for Editor in 0.18 ms, found 0 plugins.
Preloading 0 native plugins for Editor in 0.00 ms.
Invoked RoslynAnalysisRunner static constructor.
RoslynAnalysisRunner will not be running.
RoslynAnalysisRunner has terminated.
Mono: successfully reloaded assembly
- Completed reload, in  0.801 seconds
Platform modules already initialized, skipping
Refreshing native plugins compatible for Editor in 0.12 ms, found 0 plugins.
Preloading 0 native plugins for Editor in 0.00 ms.
Unloading 566 Unused Serialized files (Serialized files now loaded: 0)
System memory in use before: 49.4 MB.
System memory in use after: 49.4 MB.

Unloading 4 unused Assets to reduce memory usage. Loaded Objects now: 1007.
Total: 3.632800 ms (FindLiveObjects: 0.171900 ms CreateObjectMapping: 0.026800 ms MarkObjects: 3.401300 ms  DeleteObjects: 0.030200 ms)

========================================================================
Received Prepare
Registering precompiled user dll's ...
Registered in 0.001343 seconds.
Begin MonoManager ReloadAssembly
Native extension for LinuxStandalone target not found
Native extension for WindowsStandalone target not found
Native extension for WebGL target not found
Refreshing native plugins compatible for Editor in 0.13 ms, found 0 plugins.
Preloading 0 native plugins for Editor in 0.00 ms.
Invoked RoslynAnalysisRunner static constructor.
RoslynAnalysisRunner will not be running.
RoslynAnalysisRunner has terminated.
Mono: successfully reloaded assembly
- Completed reload, in  0.758 seconds
Platform modules already initialized, skipping
Refreshing native plugins compatible for Editor in 0.12 ms, found 0 plugins.
Preloading 0 native plugins for Editor in 0.00 ms.
Unloading 566 Unused Serialized files (Serialized files now loaded: 0)
System memory in use before: 49.4 MB.
System memory in use after: 49.4 MB.

Unloading 4 unused Assets to reduce memory usage. Loaded Objects now: 1007.
Total: 2.065100 ms (FindLiveObjects: 0.073300 ms CreateObjectMapping: 0.016000 ms MarkObjects: 1.963300 ms  DeleteObjects: 0.011900 ms)

========================================================================
Received Prepare
Registering precompiled user dll's ...
Registered in 0.001771 seconds.
Begin MonoManager ReloadAssembly
Native extension for LinuxStandalone target not found
Native extension for WindowsStandalone target not found
Native extension for WebGL target not found
Refreshing native plugins compatible for Editor in 0.12 ms, found 0 plugins.
Preloading 0 native plugins for Editor in 0.00 ms.
Invoked RoslynAnalysisRunner static constructor.
RoslynAnalysisRunner will not be running.
RoslynAnalysisRunner has terminated.
Mono: successfully reloaded assembly
- Completed reload, in  0.821 seconds
Platform modules already initialized, skipping
Refreshing native plugins compatible for Editor in 0.12 ms, found 0 plugins.
Preloading 0 native plugins for Editor in 0.00 ms.
Unloading 566 Unused Serialized files (Serialized files now loaded: 0)
System memory in use before: 49.4 MB.
System memory in use after: 49.4 MB.

Unloading 4 unused Assets to reduce memory usage. Loaded Objects now: 1007.
Total: 8.369200 ms (FindLiveObjects: 0.133700 ms CreateObjectMapping: 0.033400 ms MarkObjects: 8.179600 ms  DeleteObjects: 0.020900 ms)

========================================================================
Received Prepare
Refreshing native plugins compatible for Editor in 1.46 ms, found 0 plugins.
Preloading 0 native plugins for Editor in 0.00 ms.
Unloading 4 Unused Serialized files (Serialized files now loaded: 0)
System memory in use before: 37.9 MB.
System memory in use after: 38.0 MB.

Unloading 4 unused Assets to reduce memory usage. Loaded Objects now: 1007.
Total: 2.470700 ms (FindLiveObjects: 0.085700 ms CreateObjectMapping: 0.036400 ms MarkObjects: 2.331000 ms  DeleteObjects: 0.016500 ms)

========================================================================
Received Prepare
Registering precompiled user dll's ...
Registered in 0.001742 seconds.
Begin MonoManager ReloadAssembly
Native extension for LinuxStandalone target not found
Native extension for WindowsStandalone target not found
Native extension for WebGL target not found
Refreshing native plugins compatible for Editor in 0.12 ms, found 0 plugins.
Preloading 0 native plugins for Editor in 0.00 ms.
Invoked RoslynAnalysisRunner static constructor.
RoslynAnalysisRunner will not be running.
RoslynAnalysisRunner has terminated.
Mono: successfully reloaded assembly
- Completed reload, in  0.759 seconds
Platform modules already initialized, skipping
Refreshing native plugins compatible for Editor in 0.11 ms, found 0 plugins.
Preloading 0 native plugins for Editor in 0.00 ms.
Unloading 566 Unused Serialized files (Serialized files now loaded: 0)
System memory in use before: 49.4 MB.
System memory in use after: 49.4 MB.

Unloading 4 unused Assets to reduce memory usage. Loaded Objects now: 1007.
Total: 1.666700 ms (FindLiveObjects: 0.088400 ms CreateObjectMapping: 0.017600 ms MarkObjects: 1.546400 ms  DeleteObjects: 0.013500 ms)

========================================================================
Received Prepare
Registering precompiled user dll's ...
Registered in 0.001792 seconds.
Begin MonoManager ReloadAssembly
Native extension for LinuxStandalone target not found
Native extension for WindowsStandalone target not found
Native extension for WebGL target not found
Refreshing native plugins compatible for Editor in 0.13 ms, found 0 plugins.
Preloading 0 native plugins for Editor in 0.00 ms.
Invoked RoslynAnalysisRunner static constructor.
RoslynAnalysisRunner will not be running.
RoslynAnalysisRunner has terminated.
Mono: successfully reloaded assembly
- Completed reload, in  0.838 seconds
Platform modules already initialized, skipping
Refreshing native plugins compatible for Editor in 0.13 ms, found 0 plugins.
Preloading 0 native plugins for Editor in 0.00 ms.
Unloading 566 Unused Serialized files (Serialized files now loaded: 0)
System memory in use before: 49.4 MB.
System memory in use after: 49.4 MB.

Unloading 4 unused Assets to reduce memory usage. Loaded Objects now: 1007.
Total: 1.693700 ms (FindLiveObjects: 0.090500 ms CreateObjectMapping: 0.017100 ms MarkObjects: 1.570100 ms  DeleteObjects: 0.014600 ms)

========================================================================
Received Prepare
Refreshing native plugins compatible for Editor in 1.39 ms, found 0 plugins.
Preloading 0 native plugins for Editor in 0.00 ms.
Unloading 4 Unused Serialized files (Serialized files now loaded: 0)
System memory in use before: 37.9 MB.
System memory in use after: 38.0 MB.

Unloading 4 unused Assets to reduce memory usage. Loaded Objects now: 1007.
Total: 1.789500 ms (FindLiveObjects: 0.082900 ms CreateObjectMapping: 0.017800 ms MarkObjects: 1.675200 ms  DeleteObjects: 0.012400 ms)

========================================================================
Received Import Request.
  Time since last request: 1608.652723 seconds.
  path: Assets/Scripts/NN/YOLOHandler.cs
  artifactKey: Guid(82d806c3f6a35ce438f90ee02992af86) Importer(815301076,1909f56bfc062723c751e8b465ee728b)
Start importing Assets/Scripts/NN/YOLOHandler.cs using Guid(82d806c3f6a35ce438f90ee02992af86) Importer(815301076,1909f56bfc062723c751e8b465ee728b)  -> (artifact id: 'ceb577ec1334b0fbeafde87dddce3fe9') in 0.007855 seconds
  Import took 0.289500 seconds .

AssetImportWorkerClient::OnTransportError - code=2 error=End of file
